<?xml version="1.0" encoding="UTF-8"?>
<checkstyle version="6.18">
<file name="C:\Users\Primarie_PC4\Desktop\TI sem1\SD\DS2024_30641_Muntean_Diana_Gratiana_Assig1\Backend1\Measurements\src\main\java\ro\tuc\ds2020\controllers\MeasurementController.java">
<error line="4" column="8" severity="warning" message="Unused import - org.springframework.core.ParameterizedTypeReference." source="com.puppycrawl.tools.checkstyle.checks.imports.UnusedImportsCheck"/>
<error line="14" column="8" severity="warning" message="Unused import - java.util.Date." source="com.puppycrawl.tools.checkstyle.checks.imports.UnusedImportsCheck"/>
<error line="27" column="24" severity="warning" message="Variable &apos;measurementService&apos; must be private and have accessor methods." source="com.puppycrawl.tools.checkstyle.checks.design.VisibilityModifierCheck"/>
<error line="29" column="34" severity="warning" message="Parameter restTemplate should be final." source="com.puppycrawl.tools.checkstyle.checks.FinalParametersCheck"/>
<error line="29" column="53" severity="warning" message="&apos;restTemplate&apos; hides a field." source="com.puppycrawl.tools.checkstyle.checks.coding.HiddenFieldCheck"/>
<error line="33" column="5" severity="warning" message="Method &apos;getAll&apos; is not designed for extension - needs to be abstract, final or empty." source="com.puppycrawl.tools.checkstyle.checks.design.DesignForExtensionCheck"/>
<error line="40" column="5" severity="warning" message="Method &apos;getMaxHourFromDevice&apos; is not designed for extension - needs to be abstract, final or empty." source="com.puppycrawl.tools.checkstyle.checks.design.DesignForExtensionCheck"/>
<error line="43" column="62" severity="warning" message="Parameter idDevice should be final." source="com.puppycrawl.tools.checkstyle.checks.FinalParametersCheck"/>
<error line="62" column="5" severity="warning" message="Method &apos;getSum&apos; is not designed for extension - needs to be abstract, final or empty." source="com.puppycrawl.tools.checkstyle.checks.design.DesignForExtensionCheck"/>
<error line="65" column="26" severity="warning" message="Parameter id should be final." source="com.puppycrawl.tools.checkstyle.checks.FinalParametersCheck"/>
</file>
<file name="C:\Users\Primarie_PC4\Desktop\TI sem1\SD\DS2024_30641_Muntean_Diana_Gratiana_Assig1\Backend1\Measurements\src\main\java\ro\tuc\ds2020\Ds2020Application.java">
<error line="10" column="8" severity="warning" message="Unused import - org.springframework.context.annotation.Bean." source="com.puppycrawl.tools.checkstyle.checks.imports.UnusedImportsCheck"/>
<error line="43" column="30" severity="warning" message="Parameter value should be final." source="com.puppycrawl.tools.checkstyle.checks.FinalParametersCheck"/>
<error line="43" column="37" severity="warning" message="&apos;value&apos; hides a field." source="com.puppycrawl.tools.checkstyle.checks.coding.HiddenFieldCheck"/>
<error line="51" column="33" severity="warning" message="Parameter idDevice should be final." source="com.puppycrawl.tools.checkstyle.checks.FinalParametersCheck"/>
<error line="51" column="40" severity="warning" message="&apos;idDevice&apos; hides a field." source="com.puppycrawl.tools.checkstyle.checks.coding.HiddenFieldCheck"/>
<error line="55" column="29" severity="warning" message="Parameter args should be final." source="com.puppycrawl.tools.checkstyle.checks.FinalParametersCheck"/>
<error line="60" column="25" severity="warning" message="Variable &apos;webSocketTextController&apos; must be private and have accessor methods." source="com.puppycrawl.tools.checkstyle.checks.design.VisibilityModifierCheck"/>
<error line="63" column="24" severity="warning" message="Variable &apos;measurementService&apos; must be private and have accessor methods." source="com.puppycrawl.tools.checkstyle.checks.design.VisibilityModifierCheck"/>
<error line="68" column="5" severity="warning" message="Method &apos;run&apos; is not designed for extension - needs to be abstract, final or empty." source="com.puppycrawl.tools.checkstyle.checks.design.DesignForExtensionCheck"/>
<error line="69" column="21" severity="warning" message="Parameter msg1 should be final." source="com.puppycrawl.tools.checkstyle.checks.FinalParametersCheck"/>
<error line="72" column="22" severity="warning" message="&apos;10000&apos; is a magic number." source="com.puppycrawl.tools.checkstyle.checks.coding.MagicNumberCheck"/>
</file>
<file name="C:\Users\Primarie_PC4\Desktop\TI sem1\SD\DS2024_30641_Muntean_Diana_Gratiana_Assig1\Backend1\Measurements\src\main\java\ro\tuc\ds2020\entities\Measurement.java">
<error line="39" column="24" severity="warning" message="Parameter timest should be final." source="com.puppycrawl.tools.checkstyle.checks.FinalParametersCheck"/>
<error line="39" column="29" severity="warning" message="&apos;timest&apos; hides a field." source="com.puppycrawl.tools.checkstyle.checks.coding.HiddenFieldCheck"/>
<error line="39" column="37" severity="warning" message="Parameter val should be final." source="com.puppycrawl.tools.checkstyle.checks.FinalParametersCheck"/>
<error line="39" column="44" severity="warning" message="&apos;val&apos; hides a field." source="com.puppycrawl.tools.checkstyle.checks.coding.HiddenFieldCheck"/>
<error line="39" column="49" severity="warning" message="Parameter idDevice should be final." source="com.puppycrawl.tools.checkstyle.checks.FinalParametersCheck"/>
<error line="39" column="53" severity="warning" message="&apos;idDevice&apos; hides a field." source="com.puppycrawl.tools.checkstyle.checks.coding.HiddenFieldCheck"/>
</file>
<file name="C:\Users\Primarie_PC4\Desktop\TI sem1\SD\DS2024_30641_Muntean_Diana_Gratiana_Assig1\Backend1\Measurements\src\main\java\ro\tuc\ds2020\entities\RestTemplateConfig.java">
<error line="13" column="5" severity="warning" message="Method &apos;restTemplate&apos; is not designed for extension - needs to be abstract, final or empty." source="com.puppycrawl.tools.checkstyle.checks.design.DesignForExtensionCheck"/>
<error line="19" column="5" severity="warning" message="Method &apos;exchange&apos; is not designed for extension - needs to be abstract, final or empty." source="com.puppycrawl.tools.checkstyle.checks.design.DesignForExtensionCheck"/>
<error line="19" column="44" severity="warning" message="Parameter url should be final." source="com.puppycrawl.tools.checkstyle.checks.FinalParametersCheck"/>
<error line="19" column="56" severity="warning" message="Parameter method should be final." source="com.puppycrawl.tools.checkstyle.checks.FinalParametersCheck"/>
<error line="19" column="75" severity="warning" message="Parameter request should be final." source="com.puppycrawl.tools.checkstyle.checks.FinalParametersCheck"/>
<error line="19" column="91" severity="warning" message="Parameter responseType should be final." source="com.puppycrawl.tools.checkstyle.checks.FinalParametersCheck"/>
</file>
<file name="C:\Users\Primarie_PC4\Desktop\TI sem1\SD\DS2024_30641_Muntean_Diana_Gratiana_Assig1\Backend1\Measurements\src\main\java\ro\tuc\ds2020\entities\SensorDataEntity.java">
<error line="3" column="8" severity="warning" message="Unused import - org.springframework.beans.factory.annotation.Autowired." source="com.puppycrawl.tools.checkstyle.checks.imports.UnusedImportsCheck"/>
<error line="20" column="5" severity="warning" message="Method &apos;getId&apos; is not designed for extension - needs to be abstract, final or empty." source="com.puppycrawl.tools.checkstyle.checks.design.DesignForExtensionCheck"/>
<error line="24" column="5" severity="warning" message="Method &apos;setId&apos; is not designed for extension - needs to be abstract, final or empty." source="com.puppycrawl.tools.checkstyle.checks.design.DesignForExtensionCheck"/>
<error line="24" column="23" severity="warning" message="Parameter id should be final." source="com.puppycrawl.tools.checkstyle.checks.FinalParametersCheck"/>
<error line="24" column="28" severity="warning" message="&apos;id&apos; hides a field." source="com.puppycrawl.tools.checkstyle.checks.coding.HiddenFieldCheck"/>
<error line="28" column="5" severity="warning" message="Method &apos;getValue&apos; is not designed for extension - needs to be abstract, final or empty." source="com.puppycrawl.tools.checkstyle.checks.design.DesignForExtensionCheck"/>
<error line="32" column="5" severity="warning" message="Method &apos;setValue&apos; is not designed for extension - needs to be abstract, final or empty." source="com.puppycrawl.tools.checkstyle.checks.design.DesignForExtensionCheck"/>
<error line="32" column="26" severity="warning" message="Parameter value should be final." source="com.puppycrawl.tools.checkstyle.checks.FinalParametersCheck"/>
<error line="32" column="33" severity="warning" message="&apos;value&apos; hides a field." source="com.puppycrawl.tools.checkstyle.checks.coding.HiddenFieldCheck"/>
<error line="36" column="5" severity="warning" message="Method &apos;getIdDevice&apos; is not designed for extension - needs to be abstract, final or empty." source="com.puppycrawl.tools.checkstyle.checks.design.DesignForExtensionCheck"/>
<error line="40" column="5" severity="warning" message="Method &apos;setIdDevice&apos; is not designed for extension - needs to be abstract, final or empty." source="com.puppycrawl.tools.checkstyle.checks.design.DesignForExtensionCheck"/>
<error line="40" column="29" severity="warning" message="Parameter idDevice should be final." source="com.puppycrawl.tools.checkstyle.checks.FinalParametersCheck"/>
<error line="40" column="36" severity="warning" message="&apos;idDevice&apos; hides a field." source="com.puppycrawl.tools.checkstyle.checks.coding.HiddenFieldCheck"/>
</file>
<file name="C:\Users\Primarie_PC4\Desktop\TI sem1\SD\DS2024_30641_Muntean_Diana_Gratiana_Assig1\Backend1\Measurements\src\main\java\ro\tuc\ds2020\repositories\IMeasurementRepository.java">
</file>
<file name="C:\Users\Primarie_PC4\Desktop\TI sem1\SD\DS2024_30641_Muntean_Diana_Gratiana_Assig1\Backend1\Measurements\src\main\java\ro\tuc\ds2020\services\MeasurementService.java">
<error line="9" column="8" severity="warning" message="Unused import - ro.tuc.ds2020.entities.RestTemplateConfig." source="com.puppycrawl.tools.checkstyle.checks.imports.UnusedImportsCheck"/>
<error line="20" column="28" severity="warning" message="Variable &apos;iMeasurementRepository&apos; must be private and have accessor methods." source="com.puppycrawl.tools.checkstyle.checks.design.VisibilityModifierCheck"/>
<error line="22" column="12" severity="warning" message="Variable &apos;maxHour&apos; must be private and have accessor methods." source="com.puppycrawl.tools.checkstyle.checks.design.VisibilityModifierCheck"/>
<error line="31" column="31" severity="warning" message="Parameter restTemplate should be final." source="com.puppycrawl.tools.checkstyle.checks.FinalParametersCheck"/>
<error line="31" column="44" severity="warning" message="&apos;restTemplate&apos; hides a field." source="com.puppycrawl.tools.checkstyle.checks.coding.HiddenFieldCheck"/>
<error line="36" column="5" severity="warning" message="Method &apos;saveMeasurement&apos; is not designed for extension - needs to be abstract, final or empty." source="com.puppycrawl.tools.checkstyle.checks.design.DesignForExtensionCheck"/>
<error line="36" column="40" severity="warning" message="Parameter measurement should be final." source="com.puppycrawl.tools.checkstyle.checks.FinalParametersCheck"/>
<error line="40" column="5" severity="warning" message="Method &apos;getAll&apos; is not designed for extension - needs to be abstract, final or empty." source="com.puppycrawl.tools.checkstyle.checks.design.DesignForExtensionCheck"/>
<error line="50" column="5" severity="warning" message="Method &apos;getMaxHourFromDevice&apos; is not designed for extension - needs to be abstract, final or empty." source="com.puppycrawl.tools.checkstyle.checks.design.DesignForExtensionCheck"/>
<error line="50" column="56" severity="warning" message="Parameter idDevice should be final." source="com.puppycrawl.tools.checkstyle.checks.FinalParametersCheck"/>
<error line="64" column="50" severity="warning" message="Parameter measurements should be final." source="com.puppycrawl.tools.checkstyle.checks.FinalParametersCheck"/>
<error line="67" column="65" severity="warning" message="&apos;60&apos; is a magic number." source="com.puppycrawl.tools.checkstyle.checks.coding.MagicNumberCheck"/>
<error line="67" column="70" severity="warning" message="&apos;60&apos; is a magic number." source="com.puppycrawl.tools.checkstyle.checks.coding.MagicNumberCheck"/>
<error line="67" column="75" severity="warning" message="&apos;10000&apos; is a magic number." source="com.puppycrawl.tools.checkstyle.checks.coding.MagicNumberCheck"/>
<error line="73" column="60" severity="warning" message="&apos;60&apos; is a magic number." source="com.puppycrawl.tools.checkstyle.checks.coding.MagicNumberCheck"/>
<error line="73" column="65" severity="warning" message="&apos;60&apos; is a magic number." source="com.puppycrawl.tools.checkstyle.checks.coding.MagicNumberCheck"/>
<error line="73" column="70" severity="warning" message="&apos;1000&apos; is a magic number." source="com.puppycrawl.tools.checkstyle.checks.coding.MagicNumberCheck"/>
</file>
<file name="C:\Users\Primarie_PC4\Desktop\TI sem1\SD\DS2024_30641_Muntean_Diana_Gratiana_Assig1\Backend1\Measurements\src\main\java\ro\tuc\ds2020\websocket\WebSocketConfig.java">
<error line="15" column="5" severity="warning" message="Method &apos;configureMessageBroker&apos; is not designed for extension - needs to be abstract, final or empty." source="com.puppycrawl.tools.checkstyle.checks.design.DesignForExtensionCheck"/>
<error line="16" column="40" severity="warning" message="Parameter config should be final." source="com.puppycrawl.tools.checkstyle.checks.FinalParametersCheck"/>
<error line="21" column="5" severity="warning" message="Method &apos;registerStompEndpoints&apos; is not designed for extension - needs to be abstract, final or empty." source="com.puppycrawl.tools.checkstyle.checks.design.DesignForExtensionCheck"/>
<error line="22" column="40" severity="warning" message="Parameter registry should be final." source="com.puppycrawl.tools.checkstyle.checks.FinalParametersCheck"/>
</file>
<file name="C:\Users\Primarie_PC4\Desktop\TI sem1\SD\DS2024_30641_Muntean_Diana_Gratiana_Assig1\Backend1\Measurements\src\main\java\ro\tuc\ds2020\websocket\WebSocketController.java">
<error line="6" column="8" severity="warning" message="Unused import - org.springframework.messaging.handler.annotation.MessageMapping." source="com.puppycrawl.tools.checkstyle.checks.imports.UnusedImportsCheck"/>
<error line="7" column="8" severity="warning" message="Unused import - org.springframework.messaging.handler.annotation.SendTo." source="com.puppycrawl.tools.checkstyle.checks.imports.UnusedImportsCheck"/>
<error line="12" column="8" severity="warning" message="Unused import - org.springframework.web.socket.WebSocketMessage." source="com.puppycrawl.tools.checkstyle.checks.imports.UnusedImportsCheck"/>
<error line="18" column="31" severity="warning" message="Variable &apos;template&apos; must be private and have accessor methods." source="com.puppycrawl.tools.checkstyle.checks.design.VisibilityModifierCheck"/>
<error line="20" column="9" severity="warning" message="Method &apos;sendMessage&apos; is not designed for extension - needs to be abstract, final or empty." source="com.puppycrawl.tools.checkstyle.checks.design.DesignForExtensionCheck"/>
<error line="21" column="49" severity="warning" message="Parameter textMessageDTO should be final." source="com.puppycrawl.tools.checkstyle.checks.FinalParametersCheck"/>
</file>
<file name="C:\Users\Primarie_PC4\Desktop\TI sem1\SD\DS2024_30641_Muntean_Diana_Gratiana_Assig1\Backend1\Measurements\src\main\resources\application.properties">
</file>
</checkstyle>
